--------n=100
25, 5, 0.05
0.223607
100
CPU-GPU copy time = 1.4e-05 seconds
n = 100, simulation time = 0.099981 seconds
n = 100, simulation time = 0.005011 seconds
--------n=200
49, 7, 0.05
0.316228
200
CPU-GPU copy time = 1.7e-05 seconds
n = 200, simulation time = 0.1489 seconds
n = 200, simulation time = 0.020882 seconds
--------n=300
64, 8, 0.05
0.387298
300
CPU-GPU copy time = 1.9e-05 seconds
n = 300, simulation time = 0.198912 seconds
n = 300, simulation time = 0.04084 seconds
--------n=400
81, 9, 0.05
0.447214
400
CPU-GPU copy time = 2.2e-05 seconds
n = 400, simulation time = 0.231477 seconds
n = 400, simulation time = 0.071629 seconds
--------n=500
121, 11, 0.05
0.5
500
CPU-GPU copy time = 2.4e-05 seconds
n = 500, simulation time = 0.297539 seconds
n = 500, simulation time = 0.110712 seconds
--------n=600
121, 11, 0.05
0.547723
600
CPU-GPU copy time = 2.7e-05 seconds
n = 600, simulation time = 0.328936 seconds
n = 600, simulation time = 0.15926 seconds
--------n=700
144, 12, 0.05
0.591608
700
CPU-GPU copy time = 3e-05 seconds
n = 700, simulation time = 0.374149 seconds
n = 700, simulation time = 0.24954 seconds
--------n=800
169, 13, 0.05
0.632456
800
CPU-GPU copy time = 3.2e-05 seconds
n = 800, simulation time = 0.429859 seconds
n = 800, simulation time = 0.29255 seconds
--------n=900
196, 14, 0.05
0.67082
900
CPU-GPU copy time = 3.4e-05 seconds
n = 900, simulation time = 0.477166 seconds
n = 900, simulation time = 0.369627 seconds
--------n=1000
225, 15, 0.05
0.707107
1000
CPU-GPU copy time = 3.6e-05 seconds
n = 1000, simulation time = 0.528658 seconds
n = 1000, simulation time = 0.455502 seconds
--------n=2000
441, 21, 0.05
1
2000
CPU-GPU copy time = 6e-05 seconds
n = 2000, simulation time = 0.955129 seconds
n = 2000, simulation time = 2.07266 seconds
--------n=3000
625, 25, 0.05
1.22474
3000
CPU-GPU copy time = 7.8e-05 seconds
n = 3000, simulation time = 1.34495 seconds
n = 3000, simulation time = 4.06065 seconds
--------n=4000
841, 29, 0.05
1.41421
4000
CPU-GPU copy time = 9.9e-05 seconds
n = 4000, simulation time = 1.74795 seconds
n = 4000, simulation time = 7.25931 seconds
--------n=5000
1024, 32, 0.05
1.58114
5000
CPU-GPU copy time = 0.000118 seconds
n = 5000, simulation time = 1.89969 seconds
n = 5000, simulation time = 11.4687 seconds
--------n=6000
1225, 35, 0.05
1.73205
6000
CPU-GPU copy time = 0.000275 seconds
n = 6000, simulation time = 2.51799 seconds
n = 6000, simulation time = 16.6517 seconds
--------n=7000
1444, 38, 0.05
1.87083
7000
CPU-GPU copy time = 0.000159 seconds
n = 7000, simulation time = 2.9139 seconds
n = 7000, simulation time = 22.6698 seconds
--------n=8000
1681, 41, 0.05
2
8000
CPU-GPU copy time = 0.000179 seconds
n = 8000, simulation time = 3.35712 seconds
n = 8000, simulation time = 29.7198 seconds
--------n=9000
1849, 43, 0.05
2.12132
9000
CPU-GPU copy time = 0.000197 seconds
n = 9000, simulation time = 3.68722 seconds
n = 9000, simulation time = 37.7585 seconds
